636886 425294 509
28564 889960 525
789734 269833 509
728001 682584 504
630432 465449 509
118718 81637 354
821712 925855 525
584759 57918 470
78556 155999 375
561195 400025 470
921504 59380 525
751003 867479 525
527850 291245 470
297485 870277 525
374479 438389 449
226237 502975 449
263016 99648 443
194209 13231 383
460524 494818 444
601944 940531 525
164331 817722 509
284782 482525 449
74213 749259 509
491470 179347 449
582213 305899 470
35205 283095 443
63741 368404 443
589230 571233 434
550207 103255 470
338048 817128 509
789525 902321 525
377520 10753 443
574109 10102 470
414532 672990 509
10917 603690 470
304950 308663 371
189599 78127 383
902273 202053 525
793537 645912 504
539915 240555 470
976315 248603 525
810670 949808 525
342294 646117 509
195300 500263 449
105574 985672 525
947151 711024 525
723371 802704 468
684579 40279 509
410122 764851 509
757361 632729 504
386851 911014 525
198352 756615 509
703887 535756 509
45162 131588 354
548471 387401 470
459680 687784 509
810964 623349 509
143259 587527 470
878910 498605 525
409841 5260 443
572403 975875 525
458479 463422 444
831591 666389 504
469001 284197 449
716162 263419 509
127259 688134 509
385851 387354 330
823707 87177 509
471631 829077 509
824478 885820 525
888157 740708 525
376131 6192 443
71585 20797 340
214528 83393 383
404747 900462 525
235463 99059 443
387963 664076 509
70932 749496 509
830044 202757 509
37782 212111 383
442586 238034 449
375 124998 354
298177 457161 449
711370 78688 509
294067 584783 470
434640 437009 356
848198 902507 445
89895 467366 449
163512 635445 509
777616 589185 509
110351 923437 525
2395 141890 354
648082 62824 509
668977 257922 509
683997 755684 504
248446 771449 509
758629 903485 525
125561 440959 449
463049 962809 525
47761 148592 375
636886 425294 509
28564 889960 525
789734 269833 509
728001 682584 504
630432 465449 509
118718 81637 354
821712 925855 525
584759 57918 470
78556 155999 375
561195 400025 470
921504 59380 525
751003 867479 525
527850 291245 470
297485 870277 525
374479 438389 449
226237 502975 449
263016 99648 443
194209 13231 383
460524 494818 444
601944 940531 525
164331 817722 509
284782 482525 449
74213 749259 509
491470 179347 449
582213 305899 470
35205 283095 443
63741 368404 443
589230 571233 434
550207 103255 470
338048 817128 509
789525 902321 525
377520 10753 443
574109 10102 470
414532 672990 509
10917 603690 470
304950 308663 371
189599 78127 383
902273 202053 525
793537 645912 504
539915 240555 470
976315 248603 525
810670 949808 525
342294 646117 509
195300 500263 449
105574 985672 525
947151 711024 525
723371 802704 468
684579 40279 509
410122 764851 509
757361 632729 504
386851 911014 525
198352 756615 509
703887 535756 509
45162 131588 354
548471 387401 470
459680 687784 509
810964 623349 509
143259 587527 470
878910 498605 525
409841 5260 443
572403 975875 525
458479 463422 444
831591 666389 504
469001 284197 449
716162 263419 509
127259 688134 509
385851 387354 330
823707 87177 509
471631 829077 509
824478 885820 525
888157 740708 525
376131 6192 443
71585 20797 340
214528 83393 383
404747 900462 525
235463 99059 443
387963 664076 509
70932 749496 509
830044 202757 509
37782 212111 383
442586 238034 449
375 124998 354
298177 457161 449
711370 78688 509
294067 584783 470
434640 437009 356
848198 902507 445
89895 467366 449
163512 635445 509
777616 589185 509
110351 923437 525
2395 141890 354
648082 62824 509
668977 257922 509
683997 755684 504
248446 771449 509
758629 903485 525
125561 440959 449
463049 962809 525
47761 148592 375
